[NotebookApp | WARNING] No nbgrader_config.py file found (rerun with --debug to see where nbgrader is looking)
[NotebookApp | INFO] Loading the validate_assignment nbgrader serverextension
[NotebookApp | INFO] Serving notebooks from local directory: C:\Users\eriki\dev\edu\jupyter-se\physics
[NotebookApp | INFO] 0 active kernels 
[NotebookApp | INFO] The Jupyter Notebook is running at: http://localhost:8889/?token=88346fed4a4051597681f0229792fda76a5968b7fbbb22c0
[NotebookApp | INFO] Use Control-C to stop this server and shut down all kernels (twice to skip confirmation).
[NotebookApp | CRITICAL] 
    
    Copy/paste this URL into your browser when you connect for the first time,
    to login with a token:
        http://localhost:8889/?token=88346fed4a4051597681f0229792fda76a5968b7fbbb22c0
[NotebookApp | INFO] Accepting one-time-token-authenticated connection from ::1
[NotebookApp | INFO] Creating new notebook in 
[NotebookApp | INFO] Kernel started: 6f2ce7d8-2d25-4f54-9a92-88ed58a28393
[NotebookApp | INFO] Adapting to protocol v5.1 for kernel 6f2ce7d8-2d25-4f54-9a92-88ed58a28393
[NotebookApp | INFO] Saving file at /kapitel-6.ipynb
[NotebookApp | INFO] Saving file at /kapitel-6.ipynb
[NotebookApp | INFO] Creating new directory in 
[NotebookApp | INFO] Kernel shutdown: 6f2ce7d8-2d25-4f54-9a92-88ed58a28393
[NotebookApp | WARNING] Unknown error renaming file: kapitel-6.ipynb [Errno 2] No such file or directory: 'C:\\Users\\eriki\\dev\\edu\\jupyter-se\\physics\\heureka-1a-ovningsbok\\kapitel-6.ipynb'
[NotebookApp | ERROR] {
      "Host": "localhost:8889",
      "Connection": "keep-alive",
      "Content-Length": "49",
      "Accept": "application/json, text/javascript, */*; q=0.01",
      "Origin": "http://localhost:8889",
      "X-Requested-With": "XMLHttpRequest",
      "X-Xsrftoken": "2|3666d7d8|a97737ddde7309a4abaa8156624d3243|1516278910",
      "User-Agent": "Mozilla/5.0 (Windows NT 10.0; Win64; x64) AppleWebKit/537.36 (KHTML, like Gecko) Chrome/63.0.3239.132 Safari/537.36",
      "Content-Type": "application/json",
      "Referer": "http://localhost:8889/tree",
      "Accept-Encoding": "gzip, deflate, br",
      "Accept-Language": "en-US,en;q=0.9,sv;q=0.8",
      "Cookie": "username-localhost-8888=\"2|1:0|10:1516278910|23:username-localhost-8888|44:NTc5YTUwODgxZWI2NDViZGJhMGQyMWI1ZDUxY2EyMDY=|9bb8c8d6fb415d421ba76515011b932079c7e9798318b4908140f3eaf2e2274d\"; _xsrf=2|3666d7d8|a97737ddde7309a4abaa8156624d3243|1516278910; username-localhost-8889=\"2|1:0|10:1516279332|23:username-localhost-8889|44:NWI3ZWUyMjcyN2Y4NGNlZThiMGM2ODM3MjZmOGFlZDQ=|41813b964924748136bfca77a20c1eca47e966538713125e28c39e418ed897d2\""
    }
[NotebookApp | ERROR] 500 PATCH /api/contents/kapitel-6.ipynb (::1) 3.00ms referer=http://localhost:8889/tree
[NotebookApp | INFO] Kernel started: d3cf3e8b-484b-406a-8a49-e30e5113d2e2
[NotebookApp | INFO] Adapting to protocol v5.1 for kernel d3cf3e8b-484b-406a-8a49-e30e5113d2e2
[NotebookApp | INFO] Saving file at /heureka-1a-ovningsbok/kapitel-6.ipynb
[NotebookApp | INFO] Saving file at /heureka-1a-ovningsbok/kapitel-6.ipynb
[NotebookApp | INFO] Saving file at /heureka-1a-ovningsbok/kapitel-6.ipynb
[NotebookApp | INFO] Saving file at /heureka-1a-ovningsbok/kapitel-6.ipynb
[NotebookApp | INFO] Saving file at /heureka-1a-ovningsbok/kapitel-6.ipynb
[NotebookApp | INFO] Saving file at /heureka-1a-ovningsbok/kapitel-6.ipynb
[NotebookApp | WARNING] No nbgrader_config.py file found (rerun with --debug to see where nbgrader is looking)
[NotebookApp | INFO] Loading the validate_assignment nbgrader serverextension
[NotebookApp | INFO] Serving notebooks from local directory: C:\Users\eriki\dev\edu\jupyter-se\physics
[NotebookApp | INFO] 0 active kernels 
[NotebookApp | INFO] The Jupyter Notebook is running at: http://localhost:8888/?token=362d0f9bfeefea302854f18fcaf1e59b6d2007dd683545bb
[NotebookApp | INFO] Use Control-C to stop this server and shut down all kernels (twice to skip confirmation).
[NotebookApp | CRITICAL] 
    
    Copy/paste this URL into your browser when you connect for the first time,
    to login with a token:
        http://localhost:8888/?token=362d0f9bfeefea302854f18fcaf1e59b6d2007dd683545bb
[NotebookApp | INFO] Accepting one-time-token-authenticated connection from ::1
[NotebookApp | INFO] Creating new notebook in /heureka-1a-ovningsbok
[NotebookApp | INFO] Kernel started: efea298b-3a3b-47e2-8318-044faf68b5b4
[NotebookApp | INFO] Adapting to protocol v5.1 for kernel efea298b-3a3b-47e2-8318-044faf68b5b4
[NotebookApp | WARNING] Notebook heureka-1a-ovningsbok/kapitel-6.ipynb is not trusted
[NotebookApp | INFO] Kernel started: 6d3934f2-44ec-496e-b586-f48dca8441bc
[NotebookApp | INFO] Adapting to protocol v5.1 for kernel 6d3934f2-44ec-496e-b586-f48dca8441bc
[NotebookApp | INFO] Saving file at /heureka-1a-ovningsbok/kapitel-7.ipynb
[NotebookApp | INFO] Saving file at /heureka-1a-ovningsbok/kapitel-7.ipynb
[NotebookApp | INFO] Saving file at /heureka-1a-ovningsbok/kapitel-7.ipynb
[NotebookApp | INFO] Saving file at /heureka-1a-ovningsbok/kapitel-7.ipynb
[NotebookApp | INFO] Saving file at /heureka-1a-ovningsbok/kapitel-7.ipynb
[NotebookApp | INFO] Saving file at /heureka-1a-ovningsbok/kapitel-7.ipynb
[NotebookApp | INFO] Saving file at /heureka-1a-ovningsbok/kapitel-7.ipynb
[NotebookApp | INFO] Saving file at /heureka-1a-ovningsbok/kapitel-7.ipynb
[NotebookApp | INFO] Saving file at /heureka-1a-ovningsbok/kapitel-7.ipynb
[NotebookApp | INFO] Saving file at /heureka-1a-ovningsbok/kapitel-7.ipynb
[NotebookApp | INFO] Saving file at /heureka-1a-ovningsbok/kapitel-7.ipynb
[NotebookApp | INFO] Saving file at /heureka-1a-ovningsbok/kapitel-7.ipynb
[NotebookApp | INFO] Saving file at /heureka-1a-ovningsbok/kapitel-7.ipynb
[NotebookApp | INFO] Saving file at /heureka-1a-ovningsbok/kapitel-7.ipynb
[NotebookApp | INFO] Saving file at /heureka-1a-ovningsbok/kapitel-7.ipynb
[NotebookApp | INFO] Saving file at /heureka-1a-ovningsbok/kapitel-7.ipynb
[NotebookApp | INFO] Saving file at /heureka-1a-ovningsbok/kapitel-7.ipynb
[NotebookApp | INFO] Saving file at /heureka-1a-ovningsbok/kapitel-7.ipynb
[NotebookApp | INFO] Interrupted...
[NotebookApp | INFO] Shutting down kernels
[NotebookApp | INFO] Kernel shutdown: efea298b-3a3b-47e2-8318-044faf68b5b4
[NotebookApp | INFO] Kernel shutdown: 6d3934f2-44ec-496e-b586-f48dca8441bc
